frontend/build/app/outputs/mapping/release/seeds.txt
com.example.geo_attendance.MainActivity
com.example.geo_attendance.MainActivity: MainActivity()
...
com.dexterous.flutterlocalnotifications.models.NotificationDetails: java.lang.String HTML_FORMAT_SUMMARY_TEXT
com.dexterous.flutterlocalnotifications.models.ScheduledNotificationRepeatFrequency: com.dexterous.flutterlocalnotifications.models.ScheduledNotificationRepeatFrequency[] $VALUES
com.dexterous.flutterlocalnotifications.models.NotificationDetails: java.lang.String ENABLE_VIBRATION
com.dexterous.flutterlocalnotifications.models.NotificationChannelDetails: java.lang.Integer ledColor
io.flutter.embedding.engine.renderer.FlutterRenderer$ImageReaderSurfaceProducer: int numTrims
com.dexterous.flutterlocalnotifications.FlutterLocalNotificationsPlugin: java.lang.String INVALID_DRAWABLE_RESOURCE_ERROR_MESSAGE
io.flutter.plugin.editing.ImeSyncDeferringInsetsCallback: boolean animating
com.dexterous.flutterlocalnotifications.models.styles.BigPictureStyleInformation: java.lang.Object bigPicture
kotlinx.coroutines.scheduling.CoroutineScheduler: int _isTerminated
com.dexterous.flutterlocalnotifications.models.NotificationDetails: java.lang.String GROUP_CONVERSATION
androidx.appcompat.widget.SearchView$SavedState: android.os.Parcelable$Creator CREATOR
com.dexterous.flutterlocalnotifications.models.ScheduledNotificationRepeatFrequency: com.dexterous.flutterlocalnotifications.models.ScheduledNotificationRepeatFrequency Daily
androidx.appcompat.widget.AppCompatSpinner$SavedState: android.os.Parcelable$Creator CREATOR
kotlinx.coroutines.DefaultExecutor: int debugStatus
com.dexterous.flutterlocalnotifications.models.NotificationDetails: java.lang.Boolean indeterminate
androidx.activity.result.ActivityResult: android.os.Parcelable$Creator CREATOR
com.dexterous.flutterlocalnotifications.models.MessageDetails: java.lang.String dataMimeType
io.flutter.embedding.engine.FlutterOverlaySurface: int id
com.google.android.material.timepicker.TimeModel: android.os.Parcelable$Creator CREATOR
com.dexterous.flutterlocalnotifications.models.NotificationDetails: java.lang.String CONVERSATION_TITLE
kotlinx.coroutines.internal.LockFreeLinkedListNode: java.lang.Object _removedRef
kotlinx.coroutines.scheduling.WorkQueue: int blockingTasksInBuffer
io.flutter.plugin.editing.ImeSyncDeferringInsetsCallback: io.flutter.plugin.editing.ImeSyncDeferringInsetsCallback$InsetsListener insetsListener
com.dexterous.flutterlocalnotifications.models.NotificationDetails: java.lang.String SUMMARY_TEXT
com.dexterous.flutterlocalnotifications.models.NotificationDetails: java.lang.Boolean ongoing
com.dexterous.flutterlocalnotifications.models.styles.BigTextStyleInformation: java.lang.Boolean htmlFormatContentTitle
kotlinx.coroutines.internal.ConcurrentLinkedListNode: java.lang.Object _prev
id.flutter.flutter_background_service.BackgroundService: io.flutter.embedding.engine.FlutterEngine backgroundEngine
com.dexterous.flutterlocalnotifications.FlutterLocalNotificationsPlugin: java.lang.String CANCEL_TAG
com.dexterous.flutterlocalnotifications.FlutterLocalNotificationsPlugin: com.dexterous.flutterlocalnotifications.PermissionRequestListener callback
io.flutter.plugin.platform.SingleViewPresentation: android.content.Context outerContext
com.dexterous.flutterlocalnotifications.models.styles.InboxStyleInformation: java.lang.String summaryText
androidx.concurrent.futures.AbstractResolvableFuture$Waiter: java.lang.Thread thread
com.dexterous.flutterlocalnotifications.models.NotificationChannelDetails: java.lang.String name
com.dexterous.flutterlocalnotifications.models.MessageDetails: java.lang.String dataUri
com.dexterous.flutterlocalnotifications.FlutterLocalNotificationsPlugin: io.flutter.plugin.common.MethodChannel channel
androidx.appcompat.widget.Toolbar$SavedState: android.os.Parcelable$Creator CREATOR
com.dexterous.flutterlocalnotifications.models.ScheduledNotificationRepeatFrequency: com.dexterous.flutterlocalnotifications.models.ScheduledNotificationRepeatFrequency Weekly
com.google.android.gms.location.LocationSettingsRequest: android.os.Parcelable$Creator CREATOR