frontend/build/app/outputs/mapping/release/mapping.txt
# compiler: R8
# compiler_version: 8.1.56
# min_api: 21
# common_typos_disable
# {"id":"com.android.tools.r8.mapping","version":"2.2"}
# pg_map_id: 36fadcb
# pg_map_hash: SHA-256 36fadcb1f935850b2ea19be6e196d2e2b60de852b7d0cdc588b2927da0db5e5b
com.example.geo_attendance.MainActivity -> com.example.geo_attendance.MainActivity:
    io.flutter.embedding.android.FlutterFragment io.flutter.embedding.android.FlutterFragmentActivity.flutterFragment -> B
    int io.flutter.embedding.android.FlutterFragmentActivity.FRAGMENT_CONTAINER_ID -> C
    1:1:void io.flutter.embedding.android.FlutterFragmentActivity.<clinit>():0:0 -> <clinit>
    1:4:void io.flutter.embedding.android.FlutterFragmentActivity.<init>():0:0 -> <init>
    1:4:void <init>():0 -> <init>
    1:1:void io.flutter.embedding.android.FlutterFragmentActivity.onTrimMemory(int):0:0 -> A
    5:10:void io.flutter.embedding.android.FlutterFragment.onUserLeaveHint():0:0 -> B
    5:10:void io.flutter.embedding.android.FlutterFragmentActivity.onUserLeaveHint():0 -> B
      # {"id":"com.android.tools.r8.rewriteFrame","conditions":["throws(Ljava/lang/NullPointerException;)"],"actions":["removeInnerFrames(1)"]}
    11:12:void io.flutter.embedding.android.FlutterFragment.onUserLeaveHint():0:0 -> B
    11:12:void io.flutter.embedding.android.FlutterFragmentActivity.onUserLeaveHint():0 -> B
    13:15:void io.flutter.embedding.android.FlutterActivityAndFragmentDelegate.onUserLeaveHint():0:0 -> B
    13:15:void io.flutter.embedding.android.FlutterFragment.onUserLeaveHint():0 -> B
      # {"id":"com.android.tools.r8.rewriteFrame","conditions":["throws(Ljava/lang/NullPointerException;)"],"actions":["removeInnerFrames(1)"]}
...
androidx.lifecycle.ReportFragment$LifecycleCallbacks -> androidx.lifecycle.j0:
    8:19:void androidx.lifecycle.ReportFragment$LifecycleCallbacks$Companion.registerIn(android.app.Activity):0:0 -> registerIn
    8:19:void registerIn(android.app.Activity):0 -> registerIn
androidx.lifecycle.ReportFragment$LifecycleCallbacks$Companion -> androidx.lifecycle.i0:
androidx.lifecycle.SavedStateHandle -> androidx.lifecycle.m0:
    java.util.Map regular -> a
    java.util.Map savedStateProviders -> b
    java.util.Map liveDatas -> c
    java.util.Map flows -> d
    androidx.savedstate.SavedStateRegistry$SavedStateProvider savedStateProvider -> e
    java.lang.Class[] ACCEPTABLE_CLASSES -> f
    1:1:void <init>():0:0 -> <init>
    2:2:void <init>(java.util.Map):0:0 -> <init>
      # {"id":"com.android.tools.r8.residualsignature","signature":"(Ljava/util/HashMap;)V"}
    3:9:android.os.Bundle savedStateProvider$lambda$0(androidx.lifecycle.SavedStateHandle):0:0 -> a
    3:9:android.os.Bundle $r8$lambda$aMir0GWwzPQviKVGE0DPm0kayew(androidx.lifecycle.SavedStateHandle):0 -> a
      # {"id":"com.android.tools.r8.synthesized"}
      # {"id":"com.android.tools.r8.residualsignature","signature":"(Landroidx/lifecycle/m0;)Landroid/os/Bundle;"}
    10:21:java.util.Map kotlin.collections.MapsKt__MapsKt.toMap(java.util.Map):0:0 -> a
    10:21:android.os.Bundle savedStateProvider$lambda$0(androidx.lifecycle.SavedStateHandle):0 -> a
    10:21:android.os.Bundle $r8$lambda$aMir0GWwzPQviKVGE0DPm0kayew(androidx.lifecycle.SavedStateHandle):0 -> a
    22:27:java.util.Map kotlin.collections.MapsKt__MapsKt.toMutableMap(java.util.Map):0:0 -> a
    22:27:java.util.Map kotlin.collections.MapsKt__MapsKt.toMap(java.util.Map):0 -> a
    22:27:android.os.Bundle savedStateProvider$lambda$0(androidx.lifecycle.SavedStateHandle):0 -> a
androidx.lifecycle.SavedStateHandle$$ExternalSyntheticLambda0 -> androidx.lifecycle.l0:
# {"id":"sourceFile","fileName":"R8$$SyntheticClass"}
# {"id":"com.android.tools.r8.synthesized"}
    int androidx.lifecycle.SavedStateHandle$$InternalSyntheticLambda$5$a8b529ef495d505773bb6e25f48ff9fab5d276dd0a453ddf87dfec867ba402d2$0.$r8$classId -> a
    androidx.lifecycle.SavedStateHandle androidx.lifecycle.SavedStateHandle$$InternalSyntheticLambda$5$a8b529ef495d505773bb6e25f48ff9fab5d276dd0a453ddf87dfec867ba402d2$0.f$0 -> b
    1:8:void androidx.lifecycle.SavedStateHandle$$InternalSyntheticLambda$5$a8b529ef495d505773bb6e25f48ff9fab5d276dd0a453ddf87dfec867ba402d2$0.<init>(androidx.lifecycle.SavedStateHandle):0:0 -> <init>
    1:8:void androidx.lifecycle.SavedStateHandle$$InternalSyntheticLambda$5$a8b529ef495d505773bb6e25f48ff9fab5d276dd0a453ddf87dfec867ba402d2$0.$r8$init$synthetic(androidx.lifecycle.SavedStateHandle,int):0 -> <init>
      # {"id":"com.android.tools.r8.synthesized"}
      # {"id":"com.android.tools.r8.residualsignature","signature":"(Landroidx/lifecycle/m0;I)V"}
    1:1:android.os.Bundle androidx.lifecycle.SavedStateHandle$$InternalSyntheticLambda$5$a8b529ef495d505773bb6e25f48ff9fab5d276dd0a453ddf87dfec867ba402d2$0.saveState$bridge():0:0 -> a
      # {"id":"com.android.tools.r8.synthesized"}