frontend/build/app/outputs/mapping/release/usage.txt
com.example.geo_attendance.R$drawable
com.example.geo_attendance.R$mipmap
com.example.geo_attendance.R$style
com.example.geo_attendance.R$xml
com.example.geo_attendance.R
com.example.geo_attendance.MainActivity:
    private static void $r8$constructor$io$flutter$embedding$android$FlutterFragmentActivity()
    public static void cleanUpFlutterEngine$io$flutter$embedding$android$FlutterFragmentActivity()
    public static void configureStatusBarForFullscreenFlutterExperience()
    public static void configureStatusBarForFullscreenFlutterExperience$io$flutter$embedding$android$FlutterFragmentActivity()
    public static void configureWindowForTransparency()
    public static void configureWindowForTransparency$io$flutter$embedding$android$FlutterFragmentActivity()
    public static io.flutter.embedding.android.FlutterFragment createFlutterFragment()
    public static io.flutter.embedding.android.FlutterFragment createFlutterFragment$io$flutter$embedding$android$FlutterFragmentActivity()
    public static android.view.View createFragmentContainer()
    public static android.view.View createFragmentContainer$io$flutter$embedding$android$FlutterFragmentActivity()
    public static void ensureFlutterFragmentCreated()
    public static void ensureFlutterFragmentCreated$io$flutter$embedding$android$FlutterFragmentActivity()
    public static java.lang.String getAppBundlePath$io$flutter$embedding$android$FlutterFragmentActivity()
    public static io.flutter.embedding.android.FlutterActivityLaunchConfigs$BackgroundMode getBackgroundMode$io$flutter$embedding$android$FlutterFragmentActivity()
    public final java.lang.String getCachedEngineGroupId()
...
androidx.constraintlayout.motion.widget.MotionLayout:
    public static final boolean IS_IN_EDIT_MODE
androidx.constraintlayout.widget.Barrier:
    public static void updateType()
androidx.constraintlayout.widget.ConstraintAttribute$1
androidx.constraintlayout.widget.ConstraintAttribute$AttributeType$EnumUnboxingLocalUtility
androidx.constraintlayout.widget.ConstraintAttribute$AttributeType
androidx.constraintlayout.widget.ConstraintAttribute:
    public final java.lang.String mName
androidx.constraintlayout.widget.ConstraintHelper:
    public final boolean mUseViewMeasure
    public final android.view.View[] mViews
    public final void applyLayoutFeatures()
    public abstract int findId()
    public abstract void updatePostLayout()
    public abstract void updatePostMeasure()
    public abstract void updatePreDraw()
    public abstract void updatePreLayout()
androidx.constraintlayout.widget.ConstraintLayout$$InternalSyntheticThrowCCEIfNotNull$10$5237f0f99d325e141107abf26384b29df2d8aef632078147ff4c4a2fd2f6140f$0
androidx.constraintlayout.widget.ConstraintLayout$$InternalSyntheticThrowCCEIfNotNull$22$c1f12a69e42992351c35423122f76b16c23f8c89c32d8a37dcdfa9cfbc62f9bd$0
androidx.constraintlayout.widget.ConstraintLayout$$InternalSyntheticThrowCCEIfNotNull$22$c1f12a69e42992351c35423122f76b16c23f8c89c32d8a37dcdfa9cfbc62f9bd$1
androidx.constraintlayout.widget.ConstraintLayout$1
androidx.constraintlayout.widget.ConstraintLayout$LayoutParams:
    public int dimensionRatioSide
    public float dimensionRatioValue
    public final boolean heightSet
    public boolean helped
    public final boolean isInPlaceholder
    public final boolean isVirtualGroup
    public final boolean widthSet
androidx.constraintlayout.widget.ConstraintLayout$Measurer
androidx.constraintlayout.widget.ConstraintLayout:
    public androidx.constraintlayout.widget.ConstraintsChangedListener mConstraintsChangedListener
    public int mLastMeasureHeight
    public int mLastMeasureHeightMode
    public int mLastMeasureHeightSize
    public int mLastMeasureWidth
    public int mLastMeasureWidthMode
    public int mLastMeasureWidthSize
    public int mOnMeasureHeightMeasureSpec
    public int mOnMeasureWidthMeasureSpec
    static void <clinit>()
    public static synthetic int access$000()
    public static synthetic java.util.ArrayList access$100()
    public static void applyConstraintsFromLayoutParams()
    public static androidx.constraintlayout.widget.ConstraintLayout$LayoutParams generateDefaultLayoutParams()
    public static androidx.constraintlayout.widget.ConstraintLayout$LayoutParams generateLayoutParams()
    public final java.lang.Object getDesignInformation(java.lang.String)
    public static androidx.constraintlayout.core.widgets.ConstraintWidget getTargetWidget()
    public final android.view.View getViewById(int)
    public final void markHierarchyDirty()
    public static void parseLayoutDescription()
    public final void resolveMeasuredDimension(int,int,int,int,boolean,boolean)
    public static void resolveSystem()
    public static void setChildrenConstraints()
    public static void setSelfDimensionBehaviour()
androidx.constraintlayout.widget.ConstraintLayoutStates$State
androidx.constraintlayout.widget.ConstraintLayoutStates$Variant:
    public final androidx.constraintlayout.widget.ConstraintSet mConstraintSet
androidx.constraintlayout.widget.ConstraintLayoutStates:
    public final androidx.constraintlayout.widget.ConstraintLayout mConstraintLayout
    public androidx.constraintlayout.widget.ConstraintsChangedListener mConstraintsChangedListener
    public final int mCurrentConstraintNumber
    public final int mCurrentStateId
    public static void load()
    public static void setOnConstraintsChanged()